<?xml version="1.0" encoding="UTF-8"?>
<!-- Generated by org.testng.reporters.JUnitReportReporter -->
<testsuite skipped="0" hostname="EPINHYDW019A" name="pagetest.BrokenLinksTest" tests="1" failures="0" timestamp="17 Oct 2020 05:13:31 GMT" time="9.501" errors="0">
  <testcase name="testBrokenLinks" time="9.501" classname="pagetest.BrokenLinksTest"/>
</testsuite> <!-- pagetest.BrokenLinksTest -->
