<?xml version="1.0" encoding="UTF-8"?>
<!-- Generated by org.testng.reporters.JUnitReportReporter -->
<testsuite skipped="0" hostname="EPINHYDW019A" name="pagetest.HomeTest" tests="1" failures="0" timestamp="17 Oct 2020 08:20:14 GMT" time="14.305" errors="0">
  <testcase name="testBrokenLinks" time="14.305" classname="pagetest.HomeTest"/>
</testsuite> <!-- pagetest.HomeTest -->
